[0;34m[INFO][0m Initializing HacknoverNGFW installation...
[0;34m[INFO][0m Log file: /home/cyberkv/HacknoverNGFW/install.log
[0;34m[INFO][0m Installation directory: /home/cyberkv/HacknoverNGFW
[0;34m[INFO][0m Starting installation sequence...

[0;36m=== System Requirements Check ===[0m
[0;34m[INFO][0m Checking system requirements...
[0;34m[INFO][0m Detected OS: Kali GNU/Linux 2024.3
[0;34m[INFO][0m Python version: 3.13
[0;32m[SUCCESS][0m System requirements check passed

[0;36m=== Installing Dependencies ===[0m
[0;34m[INFO][0m Installing system dependencies for Kali GNU/Linux...
[0;31m[ERROR][0m Unsupported OS: kali
[0;31m[ERROR][0m Dependency installation failed

[0;36m=== HacknoverNGFW Installation Initialization ===[0m
[0;34m[INFO][0m Installation started at: Sun Oct 19 11:56:36 CDT 2025
[0;34m[INFO][0m Log file: /home/cyberkv/HacknoverNGFW/install.log
[0;34m[INFO][0m Installation directory: /home/cyberkv/HacknoverNGFW
[0;34m[INFO][0m Interactive mode: true
[0;34m[INFO][0m Working directory: /home/cyberkv/HacknoverNGFW
[0;34m[INFO][0m Git repository detected
[0;34m[INFO][0m System: Linux 6.11.2-amd64 x86_64
[0;34m[INFO][0m Distribution: Kali GNU/Linux Rolling
[1;33m[WARNING][0m Running without root privileges - some features may be limited
[0;34m[INFO][0m Running pre-flight checks...
[0;34m[INFO][0m Starting installation sequence...
[1;33m[WARNING][0m Installation incomplete or failed
[0;34m[INFO][0m Installation finished at: Sun Oct 19 11:56:37 CDT 2025

[0;36m=== HacknoverNGFW Installation Initialization ===[0m
[0;34m[INFO][0m Installation started at: Sun Oct 19 12:03:27 CDT 2025
[0;34m[INFO][0m Log file: /home/cyberkv/HacknoverNGFW/install.log
[0;34m[INFO][0m Installation directory: /home/cyberkv/HacknoverNGFW
[0;34m[INFO][0m Interactive mode: true
[0;34m[INFO][0m Working directory: /home/cyberkv/HacknoverNGFW
[0;34m[INFO][0m Git repository detected
[0;34m[INFO][0m System: Linux 6.11.2-amd64 x86_64
[0;34m[INFO][0m Distribution: Kali GNU/Linux Rolling
[1;33m[WARNING][0m Running without root privileges - some features may be limited
[0;34m[INFO][0m Running pre-flight checks...
[0;34m[INFO][0m Starting installation sequence...
[1;33m[WARNING][0m Installation incomplete or failed
[0;34m[INFO][0m Installation finished at: Sun Oct 19 12:03:27 CDT 2025
[0;34m[INFO][0m Installation started at: Sun Oct 19 12:03:52 CDT 2025
[0;34m[INFO][0m Log file: /home/cyberkv/HacknoverNGFW/install.log
[0;34m[INFO][0m Installation directory: /home/cyberkv/HacknoverNGFW
[0;34m[INFO][0m Interactive mode: true
[0;34m[INFO][0m Working directory: /home/cyberkv/HacknoverNGFW
[0;34m[INFO][0m Running pre-flight checks...
[0;34m[INFO][0m Git repository detected
[0;34m[INFO][0m System: Linux 6.11.2-amd64 x86_64
[1;33m[WARNING][0m Running without root privileges - some features may be limited
[0;34m[INFO][0m Starting installation sequence...

[0;36m=== System Requirements Check ===[0m
[0;34m[INFO][0m Checking system requirements...
[0;34m[INFO][0m Detected OS: Kali GNU/Linux 2024.3
[0;34m[INFO][0m OS ID: kali, Based on: debian
[0;34m[INFO][0m Detected Debian-based system
[0;34m[INFO][0m Python version: 3.13
[0;32m[SUCCESS][0m System requirements check passed

[0;36m=== Installing Dependencies ===[0m
[0;34m[INFO][0m Installing system dependencies for Kali GNU/Linux...
[0;34m[INFO][0m Using apt-get for Debian/Ubuntu/Kali Linux
[0;31m[ERROR][0m Failed to update package lists
[0;31m[ERROR][0m Dependency installation failed
[0;34m[INFO][0m Installation finished at: Sun Oct 19 12:03:55 CDT 2025
[0;31m[ERROR][0m Installation failed or was interrupted
[0;34m[INFO][0m Check the log file for details: /home/cyberkv/HacknoverNGFW/install.log
[0;34m[INFO][0m You may need to manually clean up before retrying installation
[0;34m[INFO][0m Installation started at: Sun Oct 19 12:04:35 CDT 2025
[0;34m[INFO][0m Log file: /home/cyberkv/HacknoverNGFW/install.log
[0;34m[INFO][0m Installation directory: /home/cyberkv/HacknoverNGFW
[0;34m[INFO][0m Interactive mode: true
[0;34m[INFO][0m Working directory: /home/cyberkv/HacknoverNGFW
[0;34m[INFO][0m Running pre-flight checks...
[0;34m[INFO][0m Git repository detected
[0;34m[INFO][0m System: Linux 6.11.2-amd64 x86_64
[1;33m[WARNING][0m Running without root privileges - some features may be limited
[0;34m[INFO][0m Starting installation sequence...

[0;36m=== System Requirements Check ===[0m
[0;34m[INFO][0m Checking system requirements...
[0;34m[INFO][0m Detected OS: Kali GNU/Linux 2024.3
[0;34m[INFO][0m OS ID: kali, Based on: debian
[0;34m[INFO][0m Detected Debian-based system
[0;34m[INFO][0m Python version: 3.13
[0;32m[SUCCESS][0m System requirements check passed

[0;36m=== Installing Dependencies ===[0m
[0;34m[INFO][0m Installing system dependencies for Kali GNU/Linux...
[0;34m[INFO][0m Using apt-get for Debian/Ubuntu/Kali Linux
[0;31m[ERROR][0m Failed to update package lists
[0;31m[ERROR][0m Dependency installation failed
[0;34m[INFO][0m Installation finished at: Sun Oct 19 12:04:35 CDT 2025
[0;31m[ERROR][0m Installation failed or was interrupted
[0;34m[INFO][0m Check the log file for details: /home/cyberkv/HacknoverNGFW/install.log
[0;34m[INFO][0m You may need to manually clean up before retrying installation
